Using pre-set license
Built from '2022.3/staging' branch; Version is '2022.3.23f1 (dbb3f7c5b5c6) revision 14398455'; Using compiler version '192829333'; Build Type 'Release'
OS: 'Windows 10  (10.0.19045) 64bit Professional' Language: 'es' Physical Memory: 8103 MB
BatchMode: 1, IsHumanControllingUs: 0, StartBugReporterOnCrash: 0, Is64bit: 1, IsPro: 1

COMMAND LINE ARGUMENTS:
C:\Program Files\Unity\Hub\Editor\2022.3.23f1\Editor\Unity.exe
-adb2
-batchMode
-noUpm
-name
AssetImportWorker3
-projectPath
C:/Users/aterm/OneDrive/Documentos/The-Aqua-Project/The Aqua Project
-logFile
Logs/AssetImportWorker3.log
-srvPort
55881
Successfully changed project path to: C:/Users/aterm/OneDrive/Documentos/The-Aqua-Project/The Aqua Project
C:/Users/aterm/OneDrive/Documentos/The-Aqua-Project/The Aqua Project
[UnityMemory] Configuration Parameters - Can be set up in boot.config
    "memorysetup-bucket-allocator-granularity=16"
    "memorysetup-bucket-allocator-bucket-count=8"
    "memorysetup-bucket-allocator-block-size=33554432"
    "memorysetup-bucket-allocator-block-count=8"
    "memorysetup-main-allocator-block-size=16777216"
    "memorysetup-thread-allocator-block-size=16777216"
    "memorysetup-gfx-main-allocator-block-size=16777216"
    "memorysetup-gfx-thread-allocator-block-size=16777216"
    "memorysetup-cache-allocator-block-size=4194304"
    "memorysetup-typetree-allocator-block-size=2097152"
    "memorysetup-profiler-bucket-allocator-granularity=16"
    "memorysetup-profiler-bucket-allocator-bucket-count=8"
    "memorysetup-profiler-bucket-allocator-block-size=33554432"
    "memorysetup-profiler-bucket-allocator-block-count=8"
    "memorysetup-profiler-allocator-block-size=16777216"
    "memorysetup-profiler-editor-allocator-block-size=1048576"
    "memorysetup-temp-allocator-size-main=16777216"
    "memorysetup-job-temp-allocator-block-size=2097152"
    "memorysetup-job-temp-allocator-block-size-background=1048576"
    "memorysetup-job-temp-allocator-reduction-small-platforms=262144"
    "memorysetup-allocator-temp-initial-block-size-main=262144"
    "memorysetup-allocator-temp-initial-block-size-worker=262144"
    "memorysetup-temp-allocator-size-background-worker=32768"
    "memorysetup-temp-allocator-size-job-worker=262144"
    "memorysetup-temp-allocator-size-preload-manager=33554432"
    "memorysetup-temp-allocator-size-nav-mesh-worker=65536"
    "memorysetup-temp-allocator-size-audio-worker=65536"
    "memorysetup-temp-allocator-size-cloud-worker=32768"
    "memorysetup-temp-allocator-size-gi-baking-worker=262144"
    "memorysetup-temp-allocator-size-gfx=262144"
Player connection [20184] Host "[IP] 172.22.0.1 [Port] 0 [Flags] 2 [Guid] 933330409 [EditorId] 933330409 [Version] 1048832 [Id] WindowsEditor(7,LAPTOP-5125V539) [Debug] 1 [PackageName] WindowsEditor [ProjectName] Editor" joined multi-casting on [225.0.0.222:54997]...

Player connection [20184] Host "[IP] 172.22.0.1 [Port] 0 [Flags] 2 [Guid] 933330409 [EditorId] 933330409 [Version] 1048832 [Id] WindowsEditor(7,LAPTOP-5125V539) [Debug] 1 [PackageName] WindowsEditor [ProjectName] Editor" joined alternative multi-casting on [225.0.0.222:34997]...

[Physics::Module] Initialized MultithreadedJobDispatcher with 3 workers.
Refreshing native plugins compatible for Editor in 64.82 ms, found 3 plugins.
Preloading 0 native plugins for Editor in 0.00 ms.
Initialize engine version: 2022.3.23f1 (dbb3f7c5b5c6)
[Subsystems] Discovering subsystems at path C:/Program Files/Unity/Hub/Editor/2022.3.23f1/Editor/Data/Resources/UnitySubsystems
[Subsystems] Discovering subsystems at path C:/Users/aterm/OneDrive/Documentos/The-Aqua-Project/The Aqua Project/Assets
GfxDevice: creating device client; threaded=0; jobified=0
Direct3D:
    Version:  Direct3D 11.0 [level 11.1]
    Renderer: Intel(R) HD Graphics 620 (ID=0x5916)
    Vendor:   Intel
    VRAM:     4051 MB
    Driver:   30.0.101.2079
Initialize mono
Mono path[0] = 'C:/Program Files/Unity/Hub/Editor/2022.3.23f1/Editor/Data/Managed'
Mono path[1] = 'C:/Program Files/Unity/Hub/Editor/2022.3.23f1/Editor/Data/MonoBleedingEdge/lib/mono/unityjit-win32'
Mono config path = 'C:/Program Files/Unity/Hub/Editor/2022.3.23f1/Editor/Data/MonoBleedingEdge/etc'
Using monoOptions --debugger-agent=transport=dt_socket,embedding=1,server=y,suspend=n,address=127.0.0.1:56840
Begin MonoManager ReloadAssembly
Registering precompiled unity dll's ...
Register platform support module: C:/Program Files/Unity/Hub/Editor/2022.3.23f1/Editor/Data/PlaybackEngines/WebGLSupport/UnityEditor.WebGL.Extensions.dll
Register platform support module: C:/Program Files/Unity/Hub/Editor/2022.3.23f1/Editor/Data/PlaybackEngines/WindowsStandaloneSupport/UnityEditor.WindowsStandalone.Extensions.dll
Registered in 0.058643 seconds.
- Loaded All Assemblies, in  2.475 seconds
Native extension for WindowsStandalone target not found
Native extension for WebGL target not found
Mono: successfully reloaded assembly
- Finished resetting the current domain, in  1.926 seconds
Domain Reload Profiling: 4393ms
	BeginReloadAssembly (797ms)
		ExecutionOrderSort (0ms)
		DisableScriptedObjects (0ms)
		BackupInstance (0ms)
		ReleaseScriptingObjects (0ms)
		CreateAndSetChildDomain (6ms)
	RebuildCommonClasses (225ms)
	RebuildNativeTypeToScriptingClass (65ms)
	initialDomainReloadingComplete (387ms)
	LoadAllAssembliesAndSetupDomain (990ms)
		LoadAssemblies (784ms)
		RebuildTransferFunctionScriptingTraits (0ms)
		AnalyzeDomain (984ms)
			TypeCache.Refresh (976ms)
				TypeCache.ScanAssembly (882ms)
			ScanForSourceGeneratedMonoScriptInfo (2ms)
			ResolveRequiredComponents (1ms)
	FinalizeReload (1928ms)
		ReleaseScriptCaches (0ms)
		RebuildScriptCaches (0ms)
		SetupLoadedEditorAssemblies (1541ms)
			LogAssemblyErrors (0ms)
			InitializePlatformSupportModulesInManaged (62ms)
			SetLoadedEditorAssemblies (19ms)
			RefreshPlugins (0ms)
			BeforeProcessingInitializeOnLoad (6ms)
			ProcessInitializeOnLoadAttributes (1089ms)
			ProcessInitializeOnLoadMethodAttributes (364ms)
			AfterProcessingInitializeOnLoad (0ms)
			EditorAssembliesLoaded (0ms)
		ExecutionOrderSort2 (0ms)
		AwakeInstancesAfterBackupRestoration (0ms)
========================================================================
Worker process is ready to serve import requests
Begin MonoManager ReloadAssembly
- Loaded All Assemblies, in 28.008 seconds
Refreshing native plugins compatible for Editor in 104.30 ms, found 3 plugins.
Native extension for WindowsStandalone target not found
Native extension for WebGL target not found
Package Manager log level set to [2]
[Package Manager] Server::EnsureServerProcessIsRunning -- launch failed, reason: Unity was launched with the -noUpm command-line argument
[Package Manager] UpmClient::Send -- Unable to send message (not connected to UPM process).
[Package Manager] Cannot connect to Unity Package Manager local server
Mono: successfully reloaded assembly
- Finished resetting the current domain, in  3.922 seconds
Domain Reload Profiling: 31895ms
	BeginReloadAssembly (2171ms)
		ExecutionOrderSort (0ms)
		DisableScriptedObjects (77ms)
		BackupInstance (0ms)
		ReleaseScriptingObjects (0ms)
		CreateAndSetChildDomain (221ms)
	RebuildCommonClasses (446ms)
	RebuildNativeTypeToScriptingClass (135ms)
	initialDomainReloadingComplete (545ms)
	LoadAllAssembliesAndSetupDomain (24674ms)
		LoadAssemblies (21753ms)
		RebuildTransferFunctionScriptingTraits (0ms)
		AnalyzeDomain (4134ms)
			TypeCache.Refresh (3990ms)
				TypeCache.ScanAssembly (3731ms)
			ScanForSourceGeneratedMonoScriptInfo (98ms)
			ResolveRequiredComponents (41ms)
	FinalizeReload (3923ms)
		ReleaseScriptCaches (0ms)
		RebuildScriptCaches (0ms)
		SetupLoadedEditorAssemblies (2797ms)
			LogAssemblyErrors (0ms)
			InitializePlatformSupportModulesInManaged (53ms)
			SetLoadedEditorAssemblies (38ms)
			RefreshPlugins (0ms)
			BeforeProcessingInitializeOnLoad (429ms)
			ProcessInitializeOnLoadAttributes (2110ms)
			ProcessInitializeOnLoadMethodAttributes (94ms)
			AfterProcessingInitializeOnLoad (72ms)
			EditorAssembliesLoaded (1ms)
		ExecutionOrderSort2 (0ms)
		AwakeInstancesAfterBackupRestoration (42ms)
Launched and connected shader compiler UnityShaderCompiler.exe after 0.61 seconds
Refreshing native plugins compatible for Editor in 28.84 ms, found 3 plugins.
Preloading 0 native plugins for Editor in 0.00 ms.
Unloading 3148 Unused Serialized files (Serialized files now loaded: 0)
Unloading 32 unused Assets / (57.2 KB). Loaded Objects now: 3611.
Memory consumption went from 127.1 MB to 127.0 MB.
Total: 22.907800 ms (FindLiveObjects: 0.764300 ms CreateObjectMapping: 0.630200 ms MarkObjects: 21.184100 ms  DeleteObjects: 0.326700 ms)

AssetImportParameters requested are different than current active one (requested -> active):
  custom:container-demuxer-ogg: 62fdf1f143b41e24485cea50d1cbac27 -> 
  custom:video-decoder-ogg-theora: a1e56fd34408186e4bbccfd4996cb3dc -> 
  custom:framework-win-MediaFoundation: 216162199b28c13a410421893ffa2e32 -> 
  custom:CustomObjectIndexerAttribute: 9a22284fe3817be447336de3de66b15e -> 
  custom:container-demuxer-webm: 4f35f7cbe854078d1ac9338744f61a02 -> 
  custom:container-muxer-webm: aa71ff27fc2769a1b78a27578f13a17b -> 
  custom:video-decoder-webm-vp8: 9c59270c3fd7afecdb556c50c9e8de78 -> 
  custom:SearchIndexIgnoredProperties: e643bd26f0fe6173181afceb89e7c659 -> 
  custom:AudioImporter_EditorPlatform: d09bf68614088b80899f8185d706f6e7 -> 
  custom:video-encoder-webm-vp8: eb34c28f22e8b96e1ab97ce403110664 -> 
  custom:audio-decoder-ogg-vorbis: bf7c407c2cedff20999df2af8eb42d56 -> 
  custom:audio-encoder-webm-vorbis: bf7c407c2cedff20999df2af8eb42d56 -> 
========================================================================
Received Import Request.
  Time since last request: 1401159.403649 seconds.
  path: Assets/Material/WoodFlooringAshSuperWhite001/WoodFlooringAshSuperWhite001_AO_2K.jpg
  artifactKey: Guid(d9f03899882f19847bdcae0fd15b99d9) Importer(815301076,1909f56bfc062723c751e8b465ee728b)
Start importing Assets/Material/WoodFlooringAshSuperWhite001/WoodFlooringAshSuperWhite001_AO_2K.jpg using Guid(d9f03899882f19847bdcae0fd15b99d9) Importer(815301076,1909f56bfc062723c751e8b465ee728b)  -> (artifact id: '43a8aaafaaf0d3f08d62224ec2baa7a2') in 1.569831 seconds
Number of updated asset objects reloaded before import = 0
Number of asset objects unloaded after import = 2
========================================================================
Received Import Request.
  Time since last request: 0.000061 seconds.
  path: Assets/Material/Cristal.mat
  artifactKey: Guid(613d245ffa3084d4ba2841d850ea7a7e) Importer(815301076,1909f56bfc062723c751e8b465ee728b)
Start importing Assets/Material/Cristal.mat using Guid(613d245ffa3084d4ba2841d850ea7a7e) Importer(815301076,1909f56bfc062723c751e8b465ee728b)  -> (artifact id: '09c75868821f67299d56e28d1b7523d9') in 1.927870 seconds
Number of updated asset objects reloaded before import = 0
Number of asset objects unloaded after import = 3
========================================================================
Received Import Request.
  Time since last request: 0.000043 seconds.
  path: Assets/Material/WoodFlooringAshSuperWhite001/WoodFlooringAshSuperWhite001_NRM_2K.png
  artifactKey: Guid(b25cbde25205b4b4d986e9461d83a4ca) Importer(815301076,1909f56bfc062723c751e8b465ee728b)
Start importing Assets/Material/WoodFlooringAshSuperWhite001/WoodFlooringAshSuperWhite001_NRM_2K.png using Guid(b25cbde25205b4b4d986e9461d83a4ca) Importer(815301076,1909f56bfc062723c751e8b465ee728b)  -> (artifact id: 'f27e4b3473a0550a1b80bdf0a66fb98c') in 0.049910 seconds
Number of updated asset objects reloaded before import = 0
Number of asset objects unloaded after import = 2
========================================================================
Received Import Request.
  Time since last request: 0.000048 seconds.
  path: Assets/Material/TilesCeramicSquareLarge001
  artifactKey: Guid(9adc423fb7f96cd4a920b54d615f6135) Importer(815301076,1909f56bfc062723c751e8b465ee728b)
Start importing Assets/Material/TilesCeramicSquareLarge001 using Guid(9adc423fb7f96cd4a920b54d615f6135) Importer(815301076,1909f56bfc062723c751e8b465ee728b)  -> (artifact id: '3644c39b1b0ad86b1a654f26907b6ce0') in 0.004891 seconds
Number of updated asset objects reloaded before import = 0
Number of asset objects unloaded after import = 0
========================================================================
Received Import Request.
  Time since last request: 0.000036 seconds.
  path: Assets/Colores/Rojo.mat
  artifactKey: Guid(114faf4bba035c84a87625b47ef1aec3) Importer(815301076,1909f56bfc062723c751e8b465ee728b)
Start importing Assets/Colores/Rojo.mat using Guid(114faf4bba035c84a87625b47ef1aec3) Importer(815301076,1909f56bfc062723c751e8b465ee728b)  -> (artifact id: '5e6174c90643a1876744c4cdadf67375') in 0.134243 seconds
Number of updated asset objects reloaded before import = 0
Number of asset objects unloaded after import = 1
========================================================================
Received Import Request.
  Time since last request: 0.000029 seconds.
  path: Assets/TextMesh Pro/Examples & Extras/Resources/Fonts & Materials/Roboto-Bold SDF - Drop Shadow.mat
  artifactKey: Guid(b246c4190f4e46ec9352fe15a7b09ce0) Importer(815301076,1909f56bfc062723c751e8b465ee728b)
Start importing Assets/TextMesh Pro/Examples & Extras/Resources/Fonts & Materials/Roboto-Bold SDF - Drop Shadow.mat using Guid(b246c4190f4e46ec9352fe15a7b09ce0) Importer(815301076,1909f56bfc062723c751e8b465ee728b)  -> (artifact id: '8f919d2d2023aadd071239bd485929d6') in 0.519561 seconds
Number of updated asset objects reloaded before import = 0
Number of asset objects unloaded after import = 2
========================================================================
Received Import Request.
  Time since last request: 0.000150 seconds.
  path: Assets/Material/fabric-texture-background.jpg
  artifactKey: Guid(079220c26472cd44ca613d7a923fe4f9) Importer(815301076,1909f56bfc062723c751e8b465ee728b)
Start importing Assets/Material/fabric-texture-background.jpg using Guid(079220c26472cd44ca613d7a923fe4f9) Importer(815301076,1909f56bfc062723c751e8b465ee728b)  -> (artifact id: 'cc69f250b298ee080771b045ec947c0b') in 0.063349 seconds
Number of updated asset objects reloaded before import = 0
Number of asset objects unloaded after import = 2
========================================================================
Received Import Request.
  Time since last request: 0.000050 seconds.
  path: Assets/TextMesh Pro/Examples & Extras/Materials/Crate - Surface Shader Scene.mat
  artifactKey: Guid(e6b9b44320f4448d9d5e0ee634259966) Importer(815301076,1909f56bfc062723c751e8b465ee728b)
Start importing Assets/TextMesh Pro/Examples & Extras/Materials/Crate - Surface Shader Scene.mat using Guid(e6b9b44320f4448d9d5e0ee634259966) Importer(815301076,1909f56bfc062723c751e8b465ee728b)  -> (artifact id: 'b0ade220aa81b2f4b0c057630c03bd52') in 1.469318 seconds
Number of updated asset objects reloaded before import = 0
Number of asset objects unloaded after import = 3
========================================================================
Received Import Request.
  Time since last request: 0.000041 seconds.
  path: Assets/TextMesh Pro/Examples & Extras/Resources/Fonts & Materials/Oswald Bold SDF.asset
  artifactKey: Guid(0161d805a3764c089bef00bfe00793f5) Importer(815301076,1909f56bfc062723c751e8b465ee728b)
Start importing Assets/TextMesh Pro/Examples & Extras/Resources/Fonts & Materials/Oswald Bold SDF.asset using Guid(0161d805a3764c089bef00bfe00793f5) Importer(815301076,1909f56bfc062723c751e8b465ee728b)  -> (artifact id: '68e207c38c3d207b707caf5678dc7b59') in 0.231437 seconds
Number of updated asset objects reloaded before import = 0
Number of asset objects unloaded after import = 6
========================================================================
Received Import Request.
  Time since last request: 0.000090 seconds.
  path: Assets/Material/WoodFlooringAshSuperWhite001/WoodFlooringAshSuperWhite001_DISP_2K.jpg
  artifactKey: Guid(1f09ad1b7f707634783fb1779c0a30ae) Importer(815301076,1909f56bfc062723c751e8b465ee728b)
Start importing Assets/Material/WoodFlooringAshSuperWhite001/WoodFlooringAshSuperWhite001_DISP_2K.jpg using Guid(1f09ad1b7f707634783fb1779c0a30ae) Importer(815301076,1909f56bfc062723c751e8b465ee728b)  -> (artifact id: '18298b8ef8b17cebfdf11fee5080a654') in 0.057100 seconds
Number of updated asset objects reloaded before import = 0
Number of asset objects unloaded after import = 2
========================================================================
Received Import Request.
  Time since last request: 0.000408 seconds.
  path: Assets/Material/WoodFlooringAshSuperWhite001/WoodFlooringAshSuperWhite001_BUMP_2K.jpg
  artifactKey: Guid(05b7fd8229bd5e744b4da5c1f57580d9) Importer(815301076,1909f56bfc062723c751e8b465ee728b)
Start importing Assets/Material/WoodFlooringAshSuperWhite001/WoodFlooringAshSuperWhite001_BUMP_2K.jpg using Guid(05b7fd8229bd5e744b4da5c1f57580d9) Importer(815301076,1909f56bfc062723c751e8b465ee728b)  -> (artifact id: '8d333ce5569930e3383c0972cee91175') in 0.074969 seconds
Number of updated asset objects reloaded before import = 0
Number of asset objects unloaded after import = 2
========================================================================
Received Import Request.
  Time since last request: 0.001679 seconds.
  path: Assets/Material/WoodFlooringAshSuperWhite001/WoodFlooringAshSuperWhite001_DISP16_2K.tif
  artifactKey: Guid(4196605a442c30b489ead06a3803fbaa) Importer(815301076,1909f56bfc062723c751e8b465ee728b)
Start importing Assets/Material/WoodFlooringAshSuperWhite001/WoodFlooringAshSuperWhite001_DISP16_2K.tif using Guid(4196605a442c30b489ead06a3803fbaa) Importer(815301076,1909f56bfc062723c751e8b465ee728b)  -> (artifact id: '330233819f71d81d050d86b4b3baf359') in 0.055448 seconds
Number of updated asset objects reloaded before import = 0
Number of asset objects unloaded after import = 2
========================================================================
Received Import Request.
  Time since last request: 0.000353 seconds.
  path: Assets/TextMesh Pro/Examples & Extras/Fonts/Anton.ttf
  artifactKey: Guid(997a43b767814dd0a7642ec9b78cba41) Importer(815301076,1909f56bfc062723c751e8b465ee728b)
Start importing Assets/TextMesh Pro/Examples & Extras/Fonts/Anton.ttf using Guid(997a43b767814dd0a7642ec9b78cba41) Importer(815301076,1909f56bfc062723c751e8b465ee728b)  -> (artifact id: 'e9f14033b84d77025a5fbc24bc4dbf86') in 0.074347 seconds
Number of updated asset objects reloaded before import = 0
Number of asset objects unloaded after import = 4
========================================================================
Received Import Request.
  Time since last request: 0.042859 seconds.
  path: Assets/TextMesh Pro/Examples & Extras/Materials/Small Crate_diffuse.mat
  artifactKey: Guid(22262639920f43d6be32430e4e58350d) Importer(815301076,1909f56bfc062723c751e8b465ee728b)
Start importing Assets/TextMesh Pro/Examples & Extras/Materials/Small Crate_diffuse.mat using Guid(22262639920f43d6be32430e4e58350d) Importer(815301076,1909f56bfc062723c751e8b465ee728b)  -> (artifact id: 'ef50013aecdf8d069d387a293b49b2c9') in 0.530486 seconds
Number of updated asset objects reloaded before import = 0
Number of asset objects unloaded after import = 3
Editor requested this worker to shutdown with reason: Scaling down because of idle timeout
TcpMessagingSession - receive error: operation aborted. errorcode: 995, details: La operación de E/S se anuló por una salida de subproceso o por una solicitud de aplicación.
AssetImportWorker is now disconnected from the server
Process exiting
Exiting without the bug reporter. Application will terminate with return code 0